<?xml version="1.0" encoding="UTF-8"?>
<!-- Generated by org.testng.reporters.JUnitReportReporter -->
<testsuite hostname="PUN-DPMF6J3" failures="0" tests="1" name="ecommerce.SubmitOrderTest" time="22.122" errors="0" timestamp="2023-04-13T01:33:34 IST" skipped="0">
  <testcase classname="ecommerce.SubmitOrderTest" name="mainTest" time="22.122"/>
  <system-out/>
</testsuite> <!-- ecommerce.SubmitOrderTest -->
