<?xml version="1.0" encoding="UTF-8"?>
<!-- Generated by org.testng.reporters.JUnitReportReporter -->
<testsuite hostname="PUN-DPMF6J3" failures="0" tests="2" name="ecommerce.Tests.ErrorValidation" time="15.138" errors="0" timestamp="2023-11-29T02:59:58 IST" skipped="1">
  <testcase classname="ecommerce.Tests.ErrorValidation" name="loginErrorValidation" time="15.138"/>
  <system-out/>
  <testcase classname="ecommerce.Tests.ErrorValidation" name="productErrorValidation">
    <skipped/>
  </testcase> <!-- productErrorValidation -->
  <system-out/>
</testsuite> <!-- ecommerce.Tests.ErrorValidation -->
