<?xml version="1.0" encoding="UTF-8"?>
<!-- Generated by org.testng.reporters.JUnitReportReporter -->
<testsuite hostname="PUN-DPMF6J3" failures="0" tests="1" name="ecommerce.Tests.StandAloneTest" time="17.335" errors="0" timestamp="2023-11-29T03:02:19 IST" skipped="0">
  <testcase classname="ecommerce.Tests.StandAloneTest" name="mainTest" time="17.335"/>
  <system-out/>
</testsuite> <!-- ecommerce.Tests.StandAloneTest -->
