<?xml version="1.0" encoding="UTF-8"?>
<!-- Generated by org.testng.reporters.JUnitReportReporter -->
<testsuite hostname="PUN-DPMF6J3" failures="0" tests="1" name="first.NewTest" time="0.019" errors="0" timestamp="2023-04-02T01:21:37 IST" skipped="0">
  <testcase classname="first.NewTest" name="f" time="0.019"/>
  <system-out/>
</testsuite> <!-- first.NewTest -->
